<?xml version="1.0" encoding="UTF-8"?>
<!-- Generated by org.testng.reporters.JUnitReportReporter -->
<testsuite hostname="DESKTOP-QHHH8MK" failures="0" tests="1" name="com.solvd.projectTestApi.api.albums.AlbumsAPITest" time="1.882" errors="0" timestamp="2021-01-07T16:43:47 ART" skipped="0">
  <testcase classname="com.solvd.projectTestApi.api.albums.AlbumsAPITest" name="createAlbum" time="1.882"/>
  <system-out/>
</testsuite> <!-- com.solvd.projectTestApi.api.albums.AlbumsAPITest -->
